<?xml version="1.0" encoding="UTF-8"?>
<!-- Generated by org.testng.reporters.JUnitReportReporter -->
<testsuite hostname="DESKTOP-PI54DLS" failures="0" tests="1" name="testNGImplementation.CreateOrganizationTest" time="55.436" errors="1" timestamp="2024-07-31T09:52:42 IST" skipped="0">
  <testcase classname="testNGImplementation.CreateOrganizationTest" name="createOrgTest" time="55.436">
    <error message="Format specifier &#039;%s&#039;" type="java.util.MissingFormatArgumentException">
      <![CDATA[java.util.MissingFormatArgumentException: Format specifier '%s'
at java.base/java.util.Formatter.format(Formatter.java:2796)
at java.base/java.util.Formatter.format(Formatter.java:2734)
at java.base/java.lang.String.format(String.java:4432)
at genericUtilities.WebDriverUtility.convertDynamicXpathToWebElement(WebDriverUtility.java:328)
at objectRepo.HomePage.clickRequiredTab(HomePage.java:50)
at testNGImplementation.CreateOrganizationTest.createOrgTest(CreateOrganizationTest.java:21)
at java.base/jdk.internal.reflect.DirectMethodHandleAccessor.invoke(DirectMethodHandleAccessor.java:103)
at java.base/java.lang.reflect.Method.invoke(Method.java:580)
at org.testng.internal.MethodInvocationHelper.invokeMethod(MethodInvocationHelper.java:133)
at org.testng.internal.TestInvoker.invokeMethod(TestInvoker.java:598)
at org.testng.internal.TestInvoker.invokeTestMethod(TestInvoker.java:173)
at org.testng.internal.MethodRunner.runInSequence(MethodRunner.java:46)
at org.testng.internal.TestInvoker$MethodInvocationAgent.invoke(TestInvoker.java:824)
at org.testng.internal.TestInvoker.invokeTestMethods(TestInvoker.java:146)
at org.testng.internal.TestMethodWorker.invokeTestMethods(TestMethodWorker.java:146)
at org.testng.internal.TestMethodWorker.run(TestMethodWorker.java:128)
at java.base/java.util.ArrayList.forEach(ArrayList.java:1597)
at org.testng.TestRunner.privateRun(TestRunner.java:794)
at org.testng.TestRunner.run(TestRunner.java:596)
at org.testng.SuiteRunner.runTest(SuiteRunner.java:377)
at org.testng.SuiteRunner.access$000(SuiteRunner.java:28)
at org.testng.SuiteRunner$SuiteWorker.run(SuiteRunner.java:418)
at org.testng.internal.thread.ThreadUtil.lambda$execute$0(ThreadUtil.java:64)
at java.base/java.util.concurrent.FutureTask.run(FutureTask.java:317)
at java.base/java.util.concurrent.ThreadPoolExecutor.runWorker(ThreadPoolExecutor.java:1144)
at java.base/java.util.concurrent.ThreadPoolExecutor$Worker.run(ThreadPoolExecutor.java:642)
at java.base/java.lang.Thread.run(Thread.java:1570)
]]>
    </error>
  </testcase> <!-- createOrgTest -->
  <system-out/>
</testsuite> <!-- testNGImplementation.CreateOrganizationTest -->
